{
  "RSpec": {
    "coverage": {
      "/Users/Vane/turing/3module/kindtripper/app/helpers/application_helper.rb": [
        1,
        null
      ],
      "/Users/Vane/turing/3module/kindtripper/app/controllers/openings_controller.rb": [
        1,
        1,
        null,
        1,
        1,
        1,
        1,
        null,
        null,
        1,
        1,
        null,
        null,
        null,
        null
      ],
      "/Users/Vane/turing/3module/kindtripper/app/controllers/application_controller.rb": [
        1,
        null,
        null,
        1,
        1,
        null,
        1,
        5,
        null,
        null
      ],
      "/Users/Vane/turing/3module/kindtripper/app/controllers/user_openings_controller.rb": [
        1,
        1,
        2,
        2,
        2,
        null,
        null,
        1,
        1,
        1,
        1,
        1,
        null,
        null,
        1,
        null,
        1,
        2,
        null,
        null,
        null
      ],
      "/Users/Vane/turing/3module/kindtripper/app/controllers/users_controller.rb": [
        1,
        1,
        1,
        null,
        null
      ],
      "/Users/Vane/turing/3module/kindtripper/app/models/opening.rb": [
        1,
        1,
        1,
        1,
        null,
        1,
        1,
        1,
        1,
        1,
        1,
        1,
        null,
        1,
        1,
        1,
        null,
        1,
        422,
        null,
        null,
        1,
        1,
        1,
        1,
        8,
        8,
        8,
        null,
        1,
        null,
        null,
        1,
        1,
        198,
        0,
        null,
        198,
        null,
        null,
        null,
        null,
        null,
        null,
        null,
        null,
        null,
        null,
        null,
        1,
        2,
        0,
        null,
        null,
        null,
        1,
        2,
        null,
        null,
        1,
        1,
        null,
        null
      ],
      "/Users/Vane/turing/3module/kindtripper/app/models/user_opening.rb": [
        1,
        1,
        1,
        null,
        1,
        1,
        null
      ],
      "/Users/Vane/turing/3module/kindtripper/app/models/user.rb": [
        1,
        1,
        1,
        null,
        1,
        1,
        1,
        1,
        1,
        null,
        1,
        1,
        1,
        null,
        0,
        null,
        null,
        null,
        null,
        null,
        null,
        null,
        null,
        1,
        null,
        0,
        0,
        0,
        0,
        0,
        null,
        null
      ]
    },
    "timestamp": 1439411992
  }
}
